<?xml version="1.0" encoding="UTF-8"?>
<testsuite name="ModuleTest" tests="5" skipped="0" failures="0" errors="0" timestamp="2021-11-05T21:14:56" hostname="LAPTOP-3A3NSRVT" time="0.039">
  <properties/>
  <testcase name="testSetStudentList()" classname="ModuleTest" time="0.024"/>
  <testcase name="testSetId()" classname="ModuleTest" time="0.001"/>
  <testcase name="testSetNameNull()" classname="ModuleTest" time="0.004"/>
  <testcase name="testSetIdNull()" classname="ModuleTest" time="0.001"/>
  <testcase name="testSetName()" classname="ModuleTest" time="0.001"/>
  <system-out><![CDATA[]]></system-out>
  <system-err><![CDATA[]]></system-err>
</testsuite>
