<?xml version="1.0" encoding="UTF-8"?>
<testsuite name="CourseTest" tests="5" skipped="0" failures="0" errors="0" timestamp="2021-10-10T20:40:33" hostname="LAPTOP-3A3NSRVT" time="0.043">
  <properties/>
  <testcase name="testSetStudentList()" classname="CourseTest" time="0.032"/>
  <testcase name="testSetStartDate()" classname="CourseTest" time="0.002"/>
  <testcase name="testSetEndDate()" classname="CourseTest" time="0.002"/>
  <testcase name="testSetModuleList()" classname="CourseTest" time="0.002"/>
  <testcase name="testSetName()" classname="CourseTest" time="0.001"/>
  <system-out><![CDATA[]]></system-out>
  <system-err><![CDATA[]]></system-err>
</testsuite>
