<?xml version="1.0" encoding="UTF-8"?>
<testsuite name="StudentTest" tests="1" skipped="0" failures="0" errors="0" timestamp="2021-10-17T15:33:56" hostname="LAPTOP-3A3NSRVT" time="0.028">
  <properties/>
  <testcase name="testGetStudentId()" classname="StudentTest" time="0.028"/>
  <system-out><![CDATA[]]></system-out>
  <system-err><![CDATA[]]></system-err>
</testsuite>
